  main.cpp
c:\users\sandra\documents\sandrasgit\procedural-water-surface\project1\main.cpp(91): warning C4018: '<': signed/unsigned mismatch
c:\users\sandra\documents\sandrasgit\procedural-water-surface\project1\main.cpp(92): warning C4305: 'initializing': truncation from 'double' to 'float'
c:\users\sandra\documents\sandrasgit\procedural-water-surface\project1\main.cpp(93): warning C4305: 'initializing': truncation from 'double' to 'float'
c:\users\sandra\documents\sandrasgit\procedural-water-surface\project1\main.cpp(102): warning C4244: '=': conversion from 'unsigned int' to 'float', possible loss of data
c:\users\sandra\documents\sandrasgit\procedural-water-surface\project1\main.cpp(104): warning C4244: 'argument': conversion from 'float' to 'int', possible loss of data
c:\users\sandra\documents\sandrasgit\procedural-water-surface\project1\main.cpp(110): warning C4244: 'argument': conversion from 'float' to 'GLsizeiptr', possible loss of data
c:\users\sandra\documents\sandrasgit\procedural-water-surface\project1\main.cpp(115): warning C4244: 'argument': conversion from 'float' to 'GLsizeiptr', possible loss of data
c:\users\sandra\documents\sandrasgit\procedural-water-surface\project1\main.cpp(120): warning C4244: 'argument': conversion from 'float' to 'GLsizeiptr', possible loss of data
c:\users\sandra\documents\sandrasgit\procedural-water-surface\project1\main.cpp(125): warning C4244: 'argument': conversion from 'float' to 'GLsizeiptr', possible loss of data
c:\users\sandra\documents\sandrasgit\procedural-water-surface\project1\main.cpp(144): warning C4244: 'initializing': conversion from 'double' to 'float', possible loss of data
c:\users\sandra\documents\sandrasgit\procedural-water-surface\project1\main.cpp(158): warning C4018: '<': signed/unsigned mismatch
c:\users\sandra\documents\sandrasgit\procedural-water-surface\project1\main.cpp(160): warning C4244: 'argument': conversion from 'int' to 'float', possible loss of data
c:\users\sandra\documents\sandrasgit\procedural-water-surface\project1\main.cpp(170): warning C4244: 'argument': conversion from 'float' to 'GLsizeiptr', possible loss of data
c:\users\sandra\documents\sandrasgit\procedural-water-surface\project1\main.cpp(172): warning C4244: 'argument': conversion from 'float' to 'GLsizeiptr', possible loss of data
c:\users\sandra\documents\sandrasgit\procedural-water-surface\project1\main.cpp(195): warning C4244: 'argument': conversion from 'float' to 'GLsizei', possible loss of data
c:\users\sandra\documents\sandrasgit\procedural-water-surface\project1\main.cpp(315): warning C4244: 'argument': conversion from 'float' to 'unsigned int', possible loss of data
c:\users\sandra\documents\sandrasgit\procedural-water-surface\project1\main.cpp(317): warning C4244: 'argument': conversion from 'float' to 'unsigned int', possible loss of data
c:\users\sandra\documents\sandrasgit\procedural-water-surface\project1\main.cpp(318): warning C4244: 'argument': conversion from 'float' to 'unsigned int', possible loss of data
c:\users\sandra\documents\sandrasgit\procedural-water-surface\project1\main.cpp(324): warning C4244: 'argument': conversion from 'float' to 'unsigned int', possible loss of data
c:\users\sandra\documents\sandrasgit\procedural-water-surface\project1\main.cpp(325): warning C4244: 'argument': conversion from 'float' to 'unsigned int', possible loss of data
c:\users\sandra\documents\sandrasgit\procedural-water-surface\project1\main.cpp(377): warning C4018: '<': signed/unsigned mismatch
LINK : fatal error LNK1104: cannot open file 'glfw3.lib'
